<?xml version="1.0" encoding="UTF-8"?>
<!-- Generated by org.testng.reporters.JUnitReportReporter -->
<testsuite skipped="0" hostname="DESKTOP-P1P3PLC" name="multiBrowserSelenium.ChromeBrowser" tests="1" failures="0" timestamp="2022-10-24T01:33:05 MST" time="6.768" errors="0">
  <testcase name="test1" time="6.768" classname="multiBrowserSelenium.ChromeBrowser"/>
  <system-out/>
</testsuite> <!-- multiBrowserSelenium.ChromeBrowser -->
