<?xml version="1.0" encoding="UTF-8"?>
<!-- Generated by org.testng.reporters.JUnitReportReporter -->
<testsuite skipped="0" hostname="DESKTOP-P1P3PLC" name="connectExcellWithDataProvider_02.CreatLead_Parameter" tests="4" failures="0" timestamp="2022-10-26T13:31:48 MST" time="134.754" errors="0">
  <testcase name="creatLeads" time="33.077" classname="connectExcellWithDataProvider_02.CreatLead_Parameter"/>
  <system-out/>
  <testcase name="creatLeads" time="32.575" classname="connectExcellWithDataProvider_02.CreatLead_Parameter"/>
  <system-out/>
  <testcase name="creatLeads" time="34.686" classname="connectExcellWithDataProvider_02.CreatLead_Parameter"/>
  <system-out/>
  <testcase name="creatLeads" time="34.416" classname="connectExcellWithDataProvider_02.CreatLead_Parameter"/>
  <system-out/>
</testsuite> <!-- connectExcellWithDataProvider_02.CreatLead_Parameter -->
