<?xml version="1.0" encoding="UTF-8"?>
<!-- Generated by org.testng.reporters.JUnitReportReporter -->
<testsuite skipped="0" hostname="DESKTOP-P1P3PLC" name="learnInterface.TC_001_CreateLead" tests="1" failures="0" timestamp="2022-11-16T13:43:04 MST" time="12.898" errors="0">
  <testcase name="CreateLead" time="12.898" classname="learnInterface.TC_001_CreateLead"/>
  <system-out/>
</testsuite> <!-- learnInterface.TC_001_CreateLead -->
